Determining if the pthread_create exist failed with the following output:
Change Dir: /home/luis/ws_ual/src/Firmware/build/posix_sitl_default/build_gazebo/CMakeFiles/CMakeTmp

Run Build Command:"/usr/bin/make" "cmTC_4c19f/fast"
make[5]: Entering directory '/home/luis/ws_ual/src/Firmware/build/posix_sitl_default/build_gazebo/CMakeFiles/CMakeTmp'
/usr/bin/make -f CMakeFiles/cmTC_4c19f.dir/build.make CMakeFiles/cmTC_4c19f.dir/build
make[6]: Entering directory '/home/luis/ws_ual/src/Firmware/build/posix_sitl_default/build_gazebo/CMakeFiles/CMakeTmp'
Building C object CMakeFiles/cmTC_4c19f.dir/CheckSymbolExists.c.o
/usr/bin/cc     -o CMakeFiles/cmTC_4c19f.dir/CheckSymbolExists.c.o   -c /home/luis/ws_ual/src/Firmware/build/posix_sitl_default/build_gazebo/CMakeFiles/CMakeTmp/CheckSymbolExists.c
Linking C executable cmTC_4c19f
/usr/bin/cmake -E cmake_link_script CMakeFiles/cmTC_4c19f.dir/link.txt --verbose=1
/usr/bin/cc       CMakeFiles/cmTC_4c19f.dir/CheckSymbolExists.c.o  -o cmTC_4c19f -rdynamic 
CMakeFiles/cmTC_4c19f.dir/CheckSymbolExists.c.o: In function `main':
CheckSymbolExists.c:(.text+0x16): undefined reference to `pthread_create'
collect2: error: ld returned 1 exit status
CMakeFiles/cmTC_4c19f.dir/build.make:97: recipe for target 'cmTC_4c19f' failed
make[6]: *** [cmTC_4c19f] Error 1
make[6]: Leaving directory '/home/luis/ws_ual/src/Firmware/build/posix_sitl_default/build_gazebo/CMakeFiles/CMakeTmp'
Makefile:126: recipe for target 'cmTC_4c19f/fast' failed
make[5]: *** [cmTC_4c19f/fast] Error 2
make[5]: Leaving directory '/home/luis/ws_ual/src/Firmware/build/posix_sitl_default/build_gazebo/CMakeFiles/CMakeTmp'

File /home/luis/ws_ual/src/Firmware/build/posix_sitl_default/build_gazebo/CMakeFiles/CMakeTmp/CheckSymbolExists.c:
/* */
#include <pthread.h>

int main(int argc, char** argv)
{
  (void)argv;
#ifndef pthread_create
  return ((int*)(&pthread_create))[argc];
#else
  (void)argc;
  return 0;
#endif
}

Determining if the function pthread_create exists in the pthreads failed with the following output:
Change Dir: /home/luis/ws_ual/src/Firmware/build/posix_sitl_default/build_gazebo/CMakeFiles/CMakeTmp

Run Build Command:"/usr/bin/make" "cmTC_a4064/fast"
make[5]: Entering directory '/home/luis/ws_ual/src/Firmware/build/posix_sitl_default/build_gazebo/CMakeFiles/CMakeTmp'
/usr/bin/make -f CMakeFiles/cmTC_a4064.dir/build.make CMakeFiles/cmTC_a4064.dir/build
make[6]: Entering directory '/home/luis/ws_ual/src/Firmware/build/posix_sitl_default/build_gazebo/CMakeFiles/CMakeTmp'
Building C object CMakeFiles/cmTC_a4064.dir/CheckFunctionExists.c.o
/usr/bin/cc    -DCHECK_FUNCTION_EXISTS=pthread_create   -o CMakeFiles/cmTC_a4064.dir/CheckFunctionExists.c.o   -c /usr/share/cmake-3.5/Modules/CheckFunctionExists.c
Linking C executable cmTC_a4064
/usr/bin/cmake -E cmake_link_script CMakeFiles/cmTC_a4064.dir/link.txt --verbose=1
/usr/bin/cc   -DCHECK_FUNCTION_EXISTS=pthread_create    CMakeFiles/cmTC_a4064.dir/CheckFunctionExists.c.o  -o cmTC_a4064 -rdynamic -lpthreads 
/usr/bin/ld: cannot find -lpthreads
collect2: error: ld returned 1 exit status
CMakeFiles/cmTC_a4064.dir/build.make:97: recipe for target 'cmTC_a4064' failed
make[6]: *** [cmTC_a4064] Error 1
make[6]: Leaving directory '/home/luis/ws_ual/src/Firmware/build/posix_sitl_default/build_gazebo/CMakeFiles/CMakeTmp'
Makefile:126: recipe for target 'cmTC_a4064/fast' failed
make[5]: *** [cmTC_a4064/fast] Error 2
make[5]: Leaving directory '/home/luis/ws_ual/src/Firmware/build/posix_sitl_default/build_gazebo/CMakeFiles/CMakeTmp'


